#
# A fatal error has been detected by the Java Runtime Environment:
#
#  EXCEPTION_ACCESS_VIOLATION (0xc0000005) at pc=0x000000005415cb9c, pid=10596, tid=13116
#
# JRE version: Java(TM) SE Runtime Environment (8.0_25-b18) (build 1.8.0_25-b18)
# Java VM: Java HotSpot(TM) 64-Bit Server VM (25.25-b02 mixed mode windows-amd64 compressed oops)
# Problematic frame:
# V  [jvm.dll+0x44cb9c]
#
# Failed to write core dump. Minidumps are not enabled by default on client versions of Windows
#
# If you would like to submit a bug report, please visit:
#   http://bugreport.sun.com/bugreport/crash.jsp
#

---------------  T H R E A D  ---------------

Current thread (0x000000001d5f9000):  JavaThread "C2 CompilerThread1" daemon [_thread_in_native, id=13116, stack(0x000000001e9d0000,0x000000001ead0000)]

siginfo: ExceptionCode=0xc0000005, reading address 0x0000000000000020

Registers:
RAX=0x0000000000000000, RBX=0x0000000000000000, RCX=0x0000000000000008, RDX=0x000000001d698820
RSP=0x000000001eacbe20, RBP=0x000000001eacbf00, RSI=0x000000001eacebe0, RDI=0x000000001d698640
R8 =0x0000000053d10000, R9 =0x0000000000000002, R10=0x0000000000001000, R11=0x00000000000000c7
R12=0x000000001eacbf80, R13=0x0000000000000003, R14=0x00000000000083b0, R15=0x000000001eacbf80
RIP=0x000000005415cb9c, EFLAGS=0x0000000000010297

Top of Stack: (sp=0x000000001eacbe20)
0x000000001eacbe20:   000000001eacebe0 000000001d697b80
0x000000001eacbe30:   000000001eacbf80 0000000000000000
0x000000001eacbe40:   000000001d5fe140 000000001d69c770
0x000000001eacbe50:   000000001eacbf80 00000000000083b0
0x000000001eacbe60:   0000000000000003 000000001eacbf00
0x000000001eacbe70:   000000001d698640 000000001eacbf60
0x000000001eacbe80:   0000000000000003 000000005415da65
0x000000001eacbe90:   000000001d697930 0000000000000050
0x000000001eacbea0:   0000000000000001 000000000000001d
0x000000001eacbeb0:   000000001c75f2a0 0000000000000004
0x000000001eacbec0:   000000001d675580 0000000000000002
0x000000001eacbed0:   00000000543571d8 000000001c75f2a0
0x000000001eacbee0:   0000000000000008 000000001d6755d0
0x000000001eacbef0:   0000000000000000 000000001eaccb00
0x000000001eacbf00:   0000000000000000 00000000000083b0
0x000000001eacbf10:   000000001d6772c8 00000000000007c0 

Instructions: (pc=0x000000005415cb9c)
0x000000005415cb7c:   83 78 20 01 76 64 0f b6 48 2c 80 e1 0f 80 f9 0c
0x000000005415cb8c:   75 0a 48 8b 40 08 48 39 78 10 74 4e 48 8b 42 10
0x000000005415cb9c:   83 78 20 01 75 44 0f b6 40 2e c0 e8 04 a8 01 75
0x000000005415cbac:   39 41 8d 43 ef 3d e9 00 00 00 77 2e 41 0f b6 84 


Register to memory mapping:

RAX=0x0000000000000000 is an unknown value
RBX=0x0000000000000000 is an unknown value
RCX=0x0000000000000008 is an unknown value
RDX=0x000000001d698820 is an unknown value
RSP=0x000000001eacbe20 is pointing into the stack for thread: 0x000000001d5f9000
RBP=0x000000001eacbf00 is pointing into the stack for thread: 0x000000001d5f9000
RSI=0x000000001eacebe0 is pointing into the stack for thread: 0x000000001d5f9000
RDI=0x000000001d698640 is an unknown value
R8 =0x0000000053d10000 is an unknown value
R9 =0x0000000000000002 is an unknown value
R10=0x0000000000001000 is an unknown value
R11=0x00000000000000c7 is an unknown value
R12=0x000000001eacbf80 is pointing into the stack for thread: 0x000000001d5f9000
R13=0x0000000000000003 is an unknown value
R14=0x00000000000083b0 is an unknown value
R15=0x000000001eacbf80 is pointing into the stack for thread: 0x000000001d5f9000


Stack: [0x000000001e9d0000,0x000000001ead0000],  sp=0x000000001eacbe20,  free space=1007k
Native frames: (J=compiled Java code, j=interpreted, Vv=VM code, C=native code)
V  [jvm.dll+0x44cb9c]
V  [jvm.dll+0x44da65]
V  [jvm.dll+0x451745]
V  [jvm.dll+0x452bbf]
V  [jvm.dll+0x453864]
V  [jvm.dll+0x437372]
V  [jvm.dll+0x98a02]
V  [jvm.dll+0x991f3]
V  [jvm.dll+0x22bde4]
V  [jvm.dll+0x2852fa]
C  [msvcr100.dll+0x21d9f]
C  [msvcr100.dll+0x21e3b]
C  [kernel32.dll+0x159cd]
C  [ntdll.dll+0x2a2e1]


Current CompileTask:
C2:    291   38       4       StringCombination::main (91 bytes)


---------------  P R O C E S S  ---------------

Java Threads: ( => current thread )
  0x000000001d677800 JavaThread "Service Thread" daemon [_thread_blocked, id=10444, stack(0x000000001f1c0000,0x000000001f2c0000)]
  0x000000001d638000 JavaThread "C1 CompilerThread3" daemon [_thread_blocked, id=488, stack(0x000000001f070000,0x000000001f170000)]
  0x000000001d601000 JavaThread "C2 CompilerThread2" daemon [_thread_blocked, id=12144, stack(0x000000001e510000,0x000000001e610000)]
=>0x000000001d5f9000 JavaThread "C2 CompilerThread1" daemon [_thread_in_native, id=13116, stack(0x000000001e9d0000,0x000000001ead0000)]
  0x000000001d5ef800 JavaThread "C2 CompilerThread0" daemon [_thread_blocked, id=2588, stack(0x000000001eda0000,0x000000001eea0000)]
  0x000000001d5ee800 JavaThread "Attach Listener" daemon [_thread_blocked, id=9432, stack(0x000000001ec10000,0x000000001ed10000)]
  0x000000001c76f800 JavaThread "Signal Dispatcher" daemon [_thread_blocked, id=14356, stack(0x000000001eae0000,0x000000001ebe0000)]
  0x000000001c759000 JavaThread "Finalizer" daemon [_thread_blocked, id=2900, stack(0x000000001e8a0000,0x000000001e9a0000)]
  0x000000000230f000 JavaThread "Reference Handler" daemon [_thread_blocked, id=10700, stack(0x000000001e7a0000,0x000000001e8a0000)]
  0x000000000220e000 JavaThread "main" [_thread_in_Java, id=11424, stack(0x00000000025e0000,0x00000000026e0000)]

Other Threads:
  0x000000000230c800 VMThread [stack: 0x000000001e650000,0x000000001e750000] [id=11800]
  0x000000001d680800 WatcherThread [stack: 0x000000001ef50000,0x000000001f050000] [id=13868]

VM state:not at safepoint (normal execution)

VM Mutex/Monitor currently owned by a thread: None

Heap:
 PSYoungGen      total 76288K, used 3932K [0x000000076b300000, 0x0000000770800000, 0x00000007c0000000)
  eden space 65536K, 6% used [0x000000076b300000,0x000000076b6d7170,0x000000076f300000)
  from space 10752K, 0% used [0x000000076fd80000,0x000000076fd80000,0x0000000770800000)
  to   space 10752K, 0% used [0x000000076f300000,0x000000076f300000,0x000000076fd80000)
 ParOldGen       total 175104K, used 0K [0x00000006c1800000, 0x00000006cc300000, 0x000000076b300000)
  object space 175104K, 0% used [0x00000006c1800000,0x00000006c1800000,0x00000006cc300000)
 Metaspace       used 2636K, capacity 4486K, committed 4864K, reserved 1056768K
  class space    used 294K, capacity 386K, committed 512K, reserved 1048576K

Card table byte_map: [0x0000000011d70000,0x0000000012570000] byte_map_base: 0x000000000e764000

Marking Bits: (ParMarkBitMap*) 0x00000000544ed490
 Begin Bits: [0x0000000013630000, 0x00000000175d0000)
 End Bits:   [0x00000000175d0000, 0x000000001b570000)

Polling page: 0x0000000000350000

CodeCache: size=245760Kb used=1142Kb max_used=1153Kb free=244617Kb
 bounds [0x00000000029b0000, 0x0000000002c20000, 0x00000000119b0000]
 total_blobs=273 nmethods=37 adapters=150
 compilation: enabled

Compilation events (10 events):
Event: 0.215 Thread 0x000000001d638000 nmethod 33 0x0000000002acb310 code [0x0000000002acb460, 0x0000000002acb570]
Event: 0.216 Thread 0x000000001d638000   34       3       java.lang.Math::min (11 bytes)
Event: 0.216 Thread 0x000000001d638000 nmethod 34 0x0000000002acb5d0 code [0x0000000002acb720, 0x0000000002acb8b0]
Event: 0.229 Thread 0x000000001d638000   35       3       java.lang.StringBuilder::append (8 bytes)
Event: 0.229 Thread 0x000000001d638000 nmethod 35 0x0000000002acb910 code [0x0000000002acba80, 0x0000000002acbc08]
Event: 0.236 Thread 0x000000001d638000   36 %     3       StringCombination::main @ 40 (91 bytes)
Event: 0.238 Thread 0x000000001d638000 nmethod 36% 0x0000000002acbc90 code [0x0000000002acbec0, 0x0000000002accea8]
Event: 0.238 Thread 0x000000001d5ef800   37 %     4       StringCombination::main @ 40 (91 bytes)
Event: 0.241 Thread 0x000000001d5ef800 nmethod 37% 0x0000000002ad0510 code [0x0000000002ad0660, 0x0000000002ad0738]
Event: 0.242 Thread 0x000000001d5f9000   38       4       StringCombination::main (91 bytes)

GC Heap History (0 events):
No events

Deoptimization events (0 events):
No events

Internal exceptions (3 events):
Event: 0.084 Thread 0x000000000220e000 Exception <a 'java/lang/NoSuchMethodError': Method sun.misc.Unsafe.defineClass(Ljava/lang/String;[BII)Ljava/lang/Class; name or signature does not match> (0x000000076b30c6d0) thrown at [D:\re\workspace\8-2-build-windows-amd64-cygwin\jdk8u25\1677\hotspot\sr_ò1Ášµ?
Event: 0.084 Thread 0x000000000220e000 Exception <a 'java/lang/NoSuchMethodError': Method sun.misc.Unsafe.prefetchRead(Ljava/lang/Object;J)V name or signature does not match> (0x000000076b30c960) thrown at [D:\re\workspace\8-2-build-windows-amd64-cygwin\jdk8u25\1677\hotspot\src\share\vm\prims\j	&ÒÜÌ€Ë?
Event: 0.215 Thread 0x000000000220e000 Exception <a 'java/security/PrivilegedActionException'> (0x000000076b38c5b8) thrown at [D:\re\workspace\8-2-build-windows-amd64-cygwin\jdk8u25\1677\hotspot\src\share\vm\prims\jvm.cpp, line 1312]

Events (10 events):
Event: 0.229 loading class java/security/UnresolvedPermission
Event: 0.230 loading class java/security/UnresolvedPermission done
Event: 0.230 loading class java/security/BasicPermissionCollection
Event: 0.230 loading class java/security/BasicPermissionCollection done
Event: 0.231 loading class sun/launcher/LauncherHelper$FXHelper
Event: 0.231 loading class sun/launcher/LauncherHelper$FXHelper done
Event: 0.231 loading class java/lang/Class$MethodArray
Event: 0.231 loading class java/lang/Class$MethodArray done
Event: 0.242 Thread 0x000000000220e000 DEOPT PACKING pc=0x0000000002accc19 sp=0x00000000026df6c0
Event: 0.242 Thread 0x000000000220e000 DEOPT UNPACKING pc=0x00000000029f75bf sp=0x00000000026df468 mode 0


Dynamic libraries:
0x000000013f7a0000 - 0x000000013f7d4000 	C:\Java\bin\javaw.exe
0x00000000770c0000 - 0x000000007726a000 	C:\WINDOWS\SYSTEM32\ntdll.dll
0x0000000076ea0000 - 0x0000000076fbf000 	C:\WINDOWS\system32\kernel32.dll
0x000007fefd070000 - 0x000007fefd0da000 	C:\WINDOWS\system32\KERNELBASE.dll
0x0000000074af0000 - 0x0000000074b79000 	C:\WINDOWS\System32\SYSFER.DLL
0x000007feff1a0000 - 0x000007feff27b000 	C:\WINDOWS\system32\ADVAPI32.dll
0x000007fefd390000 - 0x000007fefd42f000 	C:\WINDOWS\system32\msvcrt.dll
0x000007feff320000 - 0x000007feff33f000 	C:\WINDOWS\SYSTEM32\sechost.dll
0x000007fefd460000 - 0x000007fefd58d000 	C:\WINDOWS\system32\RPCRT4.dll
0x0000000076fc0000 - 0x00000000770ba000 	C:\WINDOWS\system32\USER32.dll
0x000007feff340000 - 0x000007feff3a7000 	C:\WINDOWS\system32\GDI32.dll
0x000007feff3c0000 - 0x000007feff3ce000 	C:\WINDOWS\system32\LPK.dll
0x000007fefe890000 - 0x000007fefe95a000 	C:\WINDOWS\system32\USP10.dll
0x000007fefb080000 - 0x000007fefb274000 	C:\WINDOWS\WinSxS\amd64_microsoft.windows.common-controls_6595b64144ccf1df_6.0.7601.18837_none_fa3b1e3d17594757\COMCTL32.dll
0x000007fefef70000 - 0x000007fefefe1000 	C:\WINDOWS\system32\SHLWAPI.dll
0x000007fefd430000 - 0x000007fefd45e000 	C:\WINDOWS\system32\IMM32.DLL
0x000007fefe9c0000 - 0x000007fefeac9000 	C:\WINDOWS\system32\MSCTF.dll
0x000007fefcd30000 - 0x000007fefcd5f000 	C:\WINDOWS\system32\nvinitx.dll
0x00000000507e0000 - 0x00000000508b2000 	C:\Java\bin\msvcr100.dll
0x0000000053d10000 - 0x000000005456a000 	C:\Java\bin\server\jvm.dll
0x000007fef68c0000 - 0x000007fef68c9000 	C:\WINDOWS\system32\WSOCK32.dll
0x000007fefef20000 - 0x000007fefef6d000 	C:\WINDOWS\system32\WS2_32.dll
0x000007feff3b0000 - 0x000007feff3b8000 	C:\WINDOWS\system32\NSI.dll
0x000007fefa820000 - 0x000007fefa85b000 	C:\WINDOWS\system32\WINMM.dll
0x0000000077290000 - 0x0000000077297000 	C:\WINDOWS\system32\PSAPI.DLL
0x0000000071c40000 - 0x0000000071c4f000 	C:\Java\bin\verify.dll
0x0000000071c10000 - 0x0000000071c38000 	C:\Java\bin\java.dll
0x0000000071bf0000 - 0x0000000071c06000 	C:\Java\bin\zip.dll
0x000007fefd590000 - 0x000007fefe31a000 	C:\WINDOWS\system32\SHELL32.dll
0x000007fefe600000 - 0x000007fefe803000 	C:\WINDOWS\system32\ole32.dll
0x000007fefcdf0000 - 0x000007fefcdff000 	C:\WINDOWS\system32\profapi.dll
0x000007fef0470000 - 0x000007fef0595000 	C:\WINDOWS\system32\dbghelp.dll

VM Arguments:
jvm_args: -Dfile.encoding=Cp1252 -Xbootclasspath:C:\Java\lib\resources.jar;C:\Java\lib\rt.jar;C:\Java\lib\jsse.jar;C:\Java\lib\jce.jar;C:\Java\lib\charsets.jar;C:\Java\lib\jfr.jar 
java_command: StringCombination
java_class_path (initial): C:\Users\ynaik\workspace\Arrays\src\String\bin;C:\Users\ynaik\Downloads\testng-6.8.8.jar
Launcher Type: SUN_STANDARD

Environment Variables:
JAVA_HOME=C:\Java\jdk1.8.0_25
PATH=C:/Java/bin/server;C:/Java/bin;C:/Java/lib/amd64;C:\ProgramData\Oracle\Java\javapath;C:\Program Files (x86)\RSA SecurID Token Common;C:\Program Files (x86)\NVIDIA Corporation\PhysX\Common;C:\WINDOWS\system32;C:\WINDOWS;C:\WINDOWS\System32\Wbem;C:\WINDOWS\System32\WindowsPowerShell\v1.0\;C:\Program Files (x86)\Microsoft Application Virtualization Client;C:\Program Files (x86)\Intel\OpenCL SDK\3.0\bin\x86;C:\Program Files (x86)\Intel\OpenCL SDK\3.0\bin\x64;C:\Program Files\Intel\WiFi\bin\;C:\Program Files\Common Files\Intel\WirelessCommon\;C:\Java\bin;C:\apache-maven-3.2.5-bin\apache-maven-3.2.5\bin;C:\Program Files (x86)\Skype\Phone\;C:\Program Files\nodejs\;C:\WINDOWS\System32\WindowsPowerShell\v1.0\;C:\WINDOWS\System32\WindowsPowerShell\v1.0\;C:\Program Files (x86)\MySQL\MySQL Fabric 1.5 & MySQL Utilities 1.5\;C:\Program Files (x86)\MySQL\MySQL Fabric 1.5 & MySQL Utilities 1.5\Doctrine extensions for PHP\;C:\WINDOWS\System32\WindowsPowerShell\v1.0\;C:\WINDOWS\system32\config\systemprofile\.dnx\bin;C:\Program Files\Microsoft DNX\Dnvm\;C:\Program Files\Microsoft SQL Server\130\Tools\Binn\;C:\Program Files\1E\NomadBranch\;C:\jackson\jackson-all-1.9.0.jar;C:\Users\ynaik\AppData\Roaming\npm;.;;C:\Users\ynaik\Desktop\eclipse;;.;
USERNAME=ynaik
OS=Windows_NT
PROCESSOR_IDENTIFIER=Intel64 Family 6 Model 60 Stepping 3, GenuineIntel



---------------  S Y S T E M  ---------------

OS: Windows 7 , 64 bit Build 7601 Service Pack 1

CPU:total 8 (4 cores per cpu, 2 threads per core) family 6 model 60 stepping 3, cmov, cx8, fxsr, mmx, sse, sse2, sse3, ssse3, sse4.1, sse4.2, popcnt, avx, avx2, aes, clmul, erms, lzcnt, ht, tsc, tscinvbit, bmi1, bmi2

Memory: 4k page, physical 16677948k(10265632k free), swap 33354036k(25953896k free)

vm_info: Java HotSpot(TM) 64-Bit Server VM (25.25-b02) for windows-amd64 JRE (1.8.0_25-b18), built on Oct  7 2014 14:25:37 by "java_re" with MS VC++ 10.0 (VS2010)

time: Sat Nov 19 12:34:24 2016
elapsed time: 0 seconds (0d 0h 0m 0s)

